[2025-05-18 04:33:12,246: INFO: prep: Period 2025W20 updated successfully.]
[2025-05-18 04:33:33,504: INFO: prep: Table prep.prep_monitoring truncated successfully.]
[2025-05-18 04:33:41,765: INFO: prep: Table prep.prep_joined truncated successfully.]
[2025-05-18 04:34:01,645: INFO: prep: Procedure proc_prep_joined for DVlcYRf680L executed successfully.]
[2025-05-18 04:34:03,396: INFO: prep: Procedure proc_prep_joined for dlzwTad81iz executed successfully.]
[2025-05-18 04:34:04,062: INFO: prep: Procedure proc_prep_joined for zZXDNWVezMV executed successfully.]
[2025-05-18 04:34:04,683: INFO: prep: Procedure proc_prep_joined for qaVq74gMDhs executed successfully.]
[2025-05-18 04:34:04,781: INFO: prep: Procedure proc_prep_joined for C8zbhPQNbPk executed successfully.]
[2025-05-18 04:34:04,862: INFO: prep: Procedure proc_prep_joined for RFVNndb3OKN executed successfully.]
[2025-05-18 04:34:04,866: INFO: prep: Procedure proc_prep_joined for apo2hT9i94X executed successfully.]
[2025-05-18 04:34:05,164: INFO: prep: Procedure proc_prep_joined for kwnTWvSacEg executed successfully.]
[2025-05-18 04:34:05,454: INFO: prep: Procedure proc_prep_joined for KTsdxBrj1K8 executed successfully.]
[2025-05-18 04:34:05,535: INFO: prep: Procedure proc_prep_joined for wRBooaCoKz6 executed successfully.]
[2025-05-18 04:34:05,718: INFO: prep: Procedure proc_prep_joined for RWQP4pGxyYS executed successfully.]
[2025-05-18 04:34:06,207: INFO: prep: Procedure proc_prep_joined for JqquBCRr5Ie executed successfully.]
[2025-05-18 04:34:06,320: INFO: prep: Procedure proc_prep_joined for YFOBz4PMuNV executed successfully.]
[2025-05-18 04:34:06,624: INFO: prep: Procedure proc_prep_joined for sBzJ4tnvCMD executed successfully.]
[2025-05-18 04:34:06,892: INFO: prep: Procedure proc_prep_joined for M0b885TVP1Q executed successfully.]
[2025-05-18 04:34:07,329: INFO: prep: Procedure proc_prep_joined for eJDSKTK7sO8 executed successfully.]
[2025-05-18 04:34:08,030: INFO: prep: Procedure proc_prep_joined for sP8QEwb0SXo executed successfully.]
[2025-05-18 04:34:08,185: INFO: prep: Procedure proc_prep_joined for iWJPpf18IyU executed successfully.]
[2025-05-18 04:34:08,213: INFO: prep: Procedure proc_prep_joined for wC0drfSNmV4 executed successfully.]
[2025-05-18 04:34:08,243: INFO: prep: Procedure proc_prep_joined for IvofjQjgSeE executed successfully.]
[2025-05-18 04:34:08,389: INFO: prep: Procedure proc_prep_joined for RRPYgMWYw4h executed successfully.]
[2025-05-18 04:34:08,754: INFO: prep: Procedure proc_prep_joined for wSzsuzrAmU1 executed successfully.]
[2025-05-18 04:34:09,432: INFO: prep: Procedure proc_prep_joined for hozfIkuo4eE executed successfully.]
[2025-05-18 04:34:10,460: INFO: prep: Procedure proc_prep_joined for bUhfkjY3yVP executed successfully.]
[2025-05-18 04:34:11,320: INFO: prep: Procedure proc_prep_joined for w4gxim2NiVj executed successfully.]
[2025-05-18 04:34:12,355: INFO: prep: Procedure proc_prep_joined for KGNkYub5Oxq executed successfully.]
[2025-05-18 04:34:23,150: INFO: prep: Procedure proc_prep_joined for x7TBWFDy1GZ executed successfully.]
[2025-05-18 04:34:24,480: INFO: prep: Procedure proc_prep_joined for S5HvxHdK2Vt executed successfully.]
[2025-05-18 04:34:26,857: INFO: prep: Procedure proc_prep_joined for RoxOslFYbmA executed successfully.]
[2025-05-18 04:34:29,117: INFO: prep: Procedure proc_prep_joined for R2bNqBqJUIw executed successfully.]
[2025-05-18 04:34:29,324: INFO: prep: Procedure proc_prep_joined for zxSXLppge0P executed successfully.]
[2025-05-18 04:34:29,546: INFO: prep: Procedure proc_prep_joined for wr9dSNAmnWp executed successfully.]
[2025-05-18 04:34:29,594: INFO: prep: Procedure proc_prep_joined for q1D4GdFPtqJ executed successfully.]
[2025-05-18 04:34:29,598: INFO: prep: Procedure proc_prep_joined for Uyo9Hpc3vql executed successfully.]
[2025-05-18 04:34:29,851: INFO: prep: Procedure proc_prep_joined for VZCEov8JZIe executed successfully.]
[2025-05-18 04:34:30,003: INFO: prep: Procedure proc_prep_joined for JPBcTpp6XUu executed successfully.]
[2025-05-18 04:34:30,212: INFO: prep: Procedure proc_prep_joined for DPA6BxE9pzQ executed successfully.]
[2025-05-18 04:34:30,730: INFO: prep: Procedure proc_prep_joined for B0V6x5le9Tj executed successfully.]
[2025-05-18 04:34:30,742: INFO: prep: Procedure proc_prep_joined for Pjak5oARJBf executed successfully.]
[2025-05-18 04:34:30,996: INFO: prep: Procedure proc_prep_joined for gF8UahvIXw9 executed successfully.]
[2025-05-18 04:34:31,119: INFO: prep: Procedure proc_prep_joined for DgTi7GSbUAE executed successfully.]
[2025-05-18 04:34:31,190: INFO: prep: Procedure proc_prep_joined for rmGHrOrVW9r executed successfully.]
[2025-05-18 04:34:32,039: INFO: prep: Procedure proc_prep_joined for qY7ZkVcos1O executed successfully.]
[2025-05-18 04:34:33,199: INFO: prep: Procedure proc_prep_joined for WjDvZSLT4i5 executed successfully.]
[2025-05-18 04:34:33,222: INFO: prep: Procedure proc_prep_joined for GHUokYisiZe executed successfully.]
[2025-05-18 04:34:33,739: INFO: prep: Procedure proc_prep_joined for W387n0fbylW executed successfully.]
[2025-05-18 04:34:33,796: INFO: prep: Procedure proc_prep_joined for l01zG9ePfqt executed successfully.]
[2025-05-18 04:34:34,759: INFO: prep: Procedure proc_prep_joined for SSB1jXm3jdi executed successfully.]
[2025-05-18 04:34:34,772: INFO: prep: Procedure proc_prep_joined for KrHj7Ycvctj executed successfully.]
[2025-05-18 04:34:36,697: INFO: prep: Procedure proc_prep_joined for KXoSesiSLeE executed successfully.]
[2025-05-18 04:34:36,698: INFO: prep: Batch of 50 procedures executed successfully for datim_ids: ['w4gxim2NiVj', 'eJDSKTK7sO8', 'sBzJ4tnvCMD', 'RWQP4pGxyYS', 'RRPYgMWYw4h', 'apo2hT9i94X', 'KGNkYub5Oxq', 'dlzwTad81iz', 'qaVq74gMDhs', 'YFOBz4PMuNV', 'DVlcYRf680L', 'KTsdxBrj1K8', 'C8zbhPQNbPk', 'kwnTWvSacEg', 'sP8QEwb0SXo', 'IvofjQjgSeE', 'wC0drfSNmV4', 'zZXDNWVezMV', 'wRBooaCoKz6', 'RFVNndb3OKN', 'JqquBCRr5Ie', 'wSzsuzrAmU1', 'M0b885TVP1Q', 'iWJPpf18IyU', 'S5HvxHdK2Vt', 'R2bNqBqJUIw', 'RoxOslFYbmA', 'x7TBWFDy1GZ', 'gF8UahvIXw9', 'DPA6BxE9pzQ', 'q1D4GdFPtqJ', 'rmGHrOrVW9r', 'B0V6x5le9Tj', 'zxSXLppge0P', 'JPBcTpp6XUu', 'Uyo9Hpc3vql', 'wr9dSNAmnWp', 'GHUokYisiZe', 'hozfIkuo4eE', 'DgTi7GSbUAE', 'Pjak5oARJBf', 'bUhfkjY3yVP', 'WjDvZSLT4i5', 'KrHj7Ycvctj', 'W387n0fbylW', 'qY7ZkVcos1O', 'VZCEov8JZIe', 'SSB1jXm3jdi', 'l01zG9ePfqt', 'KXoSesiSLeE']]
[2025-05-18 04:34:38,329: INFO: prep: Procedure proc_prep_joined for DqWvsU2R8rw executed successfully.]
[2025-05-18 04:34:59,302: INFO: prep: Procedure proc_prep_joined for cVnKorgLC9B executed successfully.]
[2025-05-18 04:34:59,395: INFO: prep: Procedure proc_prep_joined for nX6ReqpEjKZ executed successfully.]
[2025-05-18 04:34:59,546: INFO: prep: Procedure proc_prep_joined for GbtTSJLBKbI executed successfully.]
[2025-05-18 04:34:59,899: INFO: prep: Procedure proc_prep_joined for gfEDfny3Hp0 executed successfully.]
[2025-05-18 04:35:00,009: INFO: prep: Procedure proc_prep_joined for FLdJ1UojpI5 executed successfully.]
[2025-05-18 04:35:00,812: INFO: prep: Procedure proc_prep_joined for gxpWWY8YvrW executed successfully.]
[2025-05-18 04:35:00,905: INFO: prep: Procedure proc_prep_joined for o1xyfiaFzDG executed successfully.]
[2025-05-18 04:35:00,956: INFO: prep: Procedure proc_prep_joined for XyFDmlevgCu executed successfully.]
[2025-05-18 04:35:00,991: INFO: prep: Procedure proc_prep_joined for J2AZkcaFst0 executed successfully.]
[2025-05-18 04:35:01,275: INFO: prep: Procedure proc_prep_joined for OQYeCajbh5G executed successfully.]
[2025-05-18 04:35:01,685: INFO: prep: Procedure proc_prep_joined for wAZ9LXoASUu executed successfully.]
[2025-05-18 04:35:01,876: INFO: prep: Procedure proc_prep_joined for RxLmSTf6Kpl executed successfully.]
[2025-05-18 04:35:01,954: INFO: prep: Procedure proc_prep_joined for FWEjuDChsDH executed successfully.]
[2025-05-18 04:35:01,960: INFO: prep: Procedure proc_prep_joined for Aocjg00w77E executed successfully.]
[2025-05-18 04:35:02,651: INFO: prep: Procedure proc_prep_joined for JcYmXdOSndf executed successfully.]
[2025-05-18 04:35:02,869: INFO: prep: Procedure proc_prep_joined for LN72HGCti4v executed successfully.]
[2025-05-18 04:35:03,173: INFO: prep: Procedure proc_prep_joined for VUQpWeYseot executed successfully.]
[2025-05-18 04:35:03,306: INFO: prep: Procedure proc_prep_joined for oN0Woo9C7qb executed successfully.]
[2025-05-18 04:35:03,750: INFO: prep: Procedure proc_prep_joined for FQ0Jc3pO5Op executed successfully.]
[2025-05-18 04:35:04,685: INFO: prep: Procedure proc_prep_joined for fakjSY6P1ED executed successfully.]
[2025-05-18 04:35:04,968: INFO: prep: Procedure proc_prep_joined for Nx613mKHzsk executed successfully.]
[2025-05-18 04:35:05,148: INFO: prep: Procedure proc_prep_joined for z6APuLTiHAX executed successfully.]
[2025-05-18 04:35:09,128: INFO: prep: Procedure proc_prep_joined for bxBIxJ7LJ4Q executed successfully.]
[2025-05-18 04:35:09,129: INFO: prep: Batch of 24 procedures executed successfully for datim_ids: ['DqWvsU2R8rw', 'cVnKorgLC9B', 'wAZ9LXoASUu', 'J2AZkcaFst0', 'nX6ReqpEjKZ', 'oN0Woo9C7qb', 'fakjSY6P1ED', 'o1xyfiaFzDG', 'XyFDmlevgCu', 'gxpWWY8YvrW', 'RxLmSTf6Kpl', 'JcYmXdOSndf', 'LN72HGCti4v', 'OQYeCajbh5G', 'gfEDfny3Hp0', 'bxBIxJ7LJ4Q', 'z6APuLTiHAX', 'VUQpWeYseot', 'Aocjg00w77E', 'GbtTSJLBKbI', 'Nx613mKHzsk', 'FLdJ1UojpI5', 'FWEjuDChsDH', 'FQ0Jc3pO5Op']]
[2025-05-18 04:35:10,901: INFO: prep: Procedure proc_prep_joined for VL8xxIs8ink executed successfully.]
[2025-05-18 04:35:30,733: INFO: prep: Procedure proc_prep_joined for JFPyJJ7irKh executed successfully.]
[2025-05-18 04:35:31,548: INFO: prep: Procedure proc_prep_joined for DN4mnc2LSZw executed successfully.]
[2025-05-18 04:35:31,554: INFO: prep: Procedure proc_prep_joined for tt3h2ApZs2w executed successfully.]
[2025-05-18 04:35:31,659: INFO: prep: Procedure proc_prep_joined for pqhd2AjoRfc executed successfully.]
[2025-05-18 04:35:31,789: INFO: prep: Procedure proc_prep_joined for PSbDeKmKCVe executed successfully.]
[2025-05-18 04:35:32,905: INFO: prep: Procedure proc_prep_joined for lHZWSoEKUku executed successfully.]
[2025-05-18 04:35:33,364: INFO: prep: Procedure proc_prep_joined for ldni2yzxkeF executed successfully.]
[2025-05-18 04:35:33,419: INFO: prep: Procedure proc_prep_joined for kkXXkrDgjHX executed successfully.]
[2025-05-18 04:35:33,492: INFO: prep: Procedure proc_prep_joined for oL6YZhJfAh7 executed successfully.]
[2025-05-18 04:35:33,613: INFO: prep: Procedure proc_prep_joined for bT2ZyZLk44k executed successfully.]
[2025-05-18 04:35:33,655: INFO: prep: Procedure proc_prep_joined for bQStBgfeo52 executed successfully.]
[2025-05-18 04:35:33,656: INFO: prep: Procedure proc_prep_joined for NeH5Pssl5JX executed successfully.]
[2025-05-18 04:35:34,109: INFO: prep: Procedure proc_prep_joined for ti735gO0Yhm executed successfully.]
[2025-05-18 04:35:35,234: INFO: prep: Procedure proc_prep_joined for a7UjUzng5CR executed successfully.]
[2025-05-18 04:35:35,605: INFO: prep: Procedure proc_prep_joined for l4M4UZXZ63H executed successfully.]
[2025-05-18 04:35:35,749: INFO: prep: Procedure proc_prep_joined for dFYjCTSglK9 executed successfully.]
[2025-05-18 04:35:35,825: INFO: prep: Procedure proc_prep_joined for Zc6NntSEUuT executed successfully.]
[2025-05-18 04:35:36,015: INFO: prep: Procedure proc_prep_joined for wdDMO7hGPd9 executed successfully.]
[2025-05-18 04:35:36,220: INFO: prep: Procedure proc_prep_joined for f6kjRzEuJzu executed successfully.]
[2025-05-18 04:35:36,272: INFO: prep: Procedure proc_prep_joined for m2jjxq7eDXo executed successfully.]
[2025-05-18 04:35:36,721: INFO: prep: Procedure proc_prep_joined for BHkRzQsQgSl executed successfully.]
[2025-05-18 04:35:37,270: INFO: prep: Procedure proc_prep_joined for MI3hLVjIws5 executed successfully.]
[2025-05-18 04:35:38,394: INFO: prep: Procedure proc_prep_joined for tZy8wIM53xT executed successfully.]
[2025-05-18 04:35:39,350: INFO: prep: Procedure proc_prep_joined for zPtoIxdY3Mo executed successfully.]
[2025-05-18 04:35:40,012: INFO: prep: Procedure proc_prep_joined for FxDuhc7a7mg executed successfully.]
[2025-05-18 04:35:44,235: INFO: prep: Procedure proc_prep_joined for EgGUTcI2hMW executed successfully.]
[2025-05-18 04:35:53,482: INFO: prep: Procedure proc_prep_joined for Xz63xHPUIiS executed successfully.]
[2025-05-18 04:35:54,318: INFO: prep: Procedure proc_prep_joined for iHPt9BTPDy6 executed successfully.]
[2025-05-18 04:35:54,702: INFO: prep: Procedure proc_prep_joined for JSyutI8V0t1 executed successfully.]
[2025-05-18 04:35:54,989: INFO: prep: Procedure proc_prep_joined for OYIdJmk5zld executed successfully.]
[2025-05-18 04:35:55,881: INFO: prep: Procedure proc_prep_joined for zcSL0a1oPEw executed successfully.]
[2025-05-18 04:35:56,193: INFO: prep: Procedure proc_prep_joined for bwdwu8JzR88 executed successfully.]
[2025-05-18 04:35:56,488: INFO: prep: Procedure proc_prep_joined for QTDuxWidbcH executed successfully.]
[2025-05-18 04:35:57,028: INFO: prep: Procedure proc_prep_joined for ClB8Ry98tWe executed successfully.]
[2025-05-18 04:35:57,028: INFO: prep: Procedure proc_prep_joined for ZagvON6QNVv executed successfully.]
[2025-05-18 04:35:57,028: INFO: prep: Procedure proc_prep_joined for E8JDdgJrLEO executed successfully.]
[2025-05-18 04:35:57,028: INFO: prep: Procedure proc_prep_joined for zNAZB14AXcS executed successfully.]
[2025-05-18 04:35:57,622: INFO: prep: Procedure proc_prep_joined for gKQbBiMDnKy executed successfully.]
[2025-05-18 04:35:58,453: INFO: prep: Procedure proc_prep_joined for EVCDM84gVrc executed successfully.]
[2025-05-18 04:35:59,260: INFO: prep: Procedure proc_prep_joined for psgTbmKsVCn executed successfully.]
[2025-05-18 04:35:59,696: INFO: prep: Procedure proc_prep_joined for DZxg34grxaq executed successfully.]
[2025-05-18 04:36:00,748: INFO: prep: Procedure proc_prep_joined for Kw2RkNdIiXq executed successfully.]
[2025-05-18 04:36:01,090: INFO: prep: Procedure proc_prep_joined for qtC7BSzSU42 executed successfully.]
[2025-05-18 04:36:01,145: INFO: prep: Procedure proc_prep_joined for wXZtro6nbKm executed successfully.]
[2025-05-18 04:36:01,157: INFO: prep: Procedure proc_prep_joined for e1wNZo2KVzh executed successfully.]
[2025-05-18 04:36:01,622: INFO: prep: Procedure proc_prep_joined for IwToYx767df executed successfully.]
[2025-05-18 04:36:01,919: INFO: prep: Procedure proc_prep_joined for MpmpfU1fB1W executed successfully.]
[2025-05-18 04:36:02,567: INFO: prep: Procedure proc_prep_joined for yz97bhSxBx3 executed successfully.]
[2025-05-18 04:36:02,717: INFO: prep: Procedure proc_prep_joined for yMiSGVSdFjv executed successfully.]
[2025-05-18 04:36:02,718: INFO: prep: Batch of 50 procedures executed successfully for datim_ids: ['tt3h2ApZs2w', 'l4M4UZXZ63H', 'MI3hLVjIws5', 'NeH5Pssl5JX', 'dFYjCTSglK9', 'VL8xxIs8ink', 'FxDuhc7a7mg', 'zPtoIxdY3Mo', 'Zc6NntSEUuT', 'kkXXkrDgjHX', 'PSbDeKmKCVe', 'tZy8wIM53xT', 'DN4mnc2LSZw', 'bT2ZyZLk44k', 'ldni2yzxkeF', 'pqhd2AjoRfc', 'm2jjxq7eDXo', 'JFPyJJ7irKh', 'lHZWSoEKUku', 'BHkRzQsQgSl', 'bQStBgfeo52', 'a7UjUzng5CR', 'oL6YZhJfAh7', 'ti735gO0Yhm', 'EgGUTcI2hMW', 'QTDuxWidbcH', 'OYIdJmk5zld', 'ZagvON6QNVv', 'ClB8Ry98tWe', 'Xz63xHPUIiS', 'JSyutI8V0t1', 'bwdwu8JzR88', 'wdDMO7hGPd9', 'zcSL0a1oPEw', 'gKQbBiMDnKy', 'iHPt9BTPDy6', 'EVCDM84gVrc', 'DZxg34grxaq', 'MpmpfU1fB1W', 'zNAZB14AXcS', 'f6kjRzEuJzu', 'E8JDdgJrLEO', 'Kw2RkNdIiXq', 'psgTbmKsVCn', 'e1wNZo2KVzh', 'IwToYx767df', 'yz97bhSxBx3', 'qtC7BSzSU42', 'wXZtro6nbKm', 'yMiSGVSdFjv']]
[2025-05-18 04:36:22,073: INFO: prep: Procedure proc_prep_joined for kX8xnWAHMN1 executed successfully.]
[2025-05-18 04:36:24,951: INFO: prep: Procedure proc_prep_joined for A30KxirCAp2 executed successfully.]
[2025-05-18 04:36:27,324: INFO: prep: Procedure proc_prep_joined for XsH3pb5MppK executed successfully.]
[2025-05-18 04:36:27,383: INFO: prep: Procedure proc_prep_joined for yNjhW4au9Gd executed successfully.]
[2025-05-18 04:36:27,787: INFO: prep: Procedure proc_prep_joined for KrsNTx44G1I executed successfully.]
[2025-05-18 04:36:27,787: INFO: prep: Procedure proc_prep_joined for cDBBCOyZlvK executed successfully.]
[2025-05-18 04:36:27,864: INFO: prep: Procedure proc_prep_joined for jr0U0XTwpCo executed successfully.]
[2025-05-18 04:36:27,955: INFO: prep: Procedure proc_prep_joined for FI1b1lrL3xn executed successfully.]
[2025-05-18 04:36:28,968: INFO: prep: Procedure proc_prep_joined for eaUGM1Cez6i executed successfully.]
[2025-05-18 04:36:29,489: INFO: prep: Procedure proc_prep_joined for dWH4Pf6d3E1 executed successfully.]
[2025-05-18 04:36:29,846: INFO: prep: Procedure proc_prep_joined for IwTrwdDosMz executed successfully.]
[2025-05-18 04:36:29,987: INFO: prep: Procedure proc_prep_joined for ooKDMYJdMx4 executed successfully.]
[2025-05-18 04:36:30,537: INFO: prep: Procedure proc_prep_joined for LCjPSP6NXnx executed successfully.]
[2025-05-18 04:36:31,206: INFO: prep: Procedure proc_prep_joined for dDjYg2AJ2Uh executed successfully.]
[2025-05-18 04:36:31,366: INFO: prep: Procedure proc_prep_joined for nkN1spDorve executed successfully.]
[2025-05-18 04:36:31,367: INFO: prep: Procedure proc_prep_joined for OcFekRBRw8K executed successfully.]
[2025-05-18 04:36:31,848: INFO: prep: Procedure proc_prep_joined for VEB3JmuvRvA executed successfully.]
[2025-05-18 04:36:32,186: INFO: prep: Procedure proc_prep_joined for A4VsXrMgMv4 executed successfully.]
[2025-05-18 04:36:32,621: INFO: prep: Procedure proc_prep_joined for qkQLc203fsM executed successfully.]
[2025-05-18 04:36:32,842: INFO: prep: Procedure proc_prep_joined for RHLPUEDKJTO executed successfully.]
[2025-05-18 04:36:32,892: INFO: prep: Procedure proc_prep_joined for j8eePYmxQMa executed successfully.]
[2025-05-18 04:36:34,353: INFO: prep: Procedure proc_prep_joined for kUtyn0U4Zl4 executed successfully.]
[2025-05-18 04:36:34,398: INFO: prep: Procedure proc_prep_joined for WelDMwOKCUx executed successfully.]
[2025-05-18 04:36:34,594: INFO: prep: Procedure proc_prep_joined for o7hgxd8M2UG executed successfully.]
[2025-05-18 04:36:35,888: INFO: prep: Procedure proc_prep_joined for MryVbzxkYro executed successfully.]
[2025-05-18 04:36:36,027: INFO: prep: Procedure proc_prep_joined for iaFSfOCz1iJ executed successfully.]
[2025-05-18 04:36:36,386: INFO: prep: Procedure proc_prep_joined for LYquSI9pG7Q executed successfully.]
[2025-05-18 04:36:45,710: INFO: prep: Procedure proc_prep_joined for oqoqv4gYI7b executed successfully.]
[2025-05-18 04:36:47,124: INFO: prep: Procedure proc_prep_joined for ZbULgMXKgbM executed successfully.]
[2025-05-18 04:36:47,833: INFO: prep: Procedure proc_prep_joined for PDVQpUxTXWh executed successfully.]
[2025-05-18 04:36:48,096: INFO: prep: Procedure proc_prep_joined for LH4mky1erCW executed successfully.]
[2025-05-18 04:36:49,037: INFO: prep: Procedure proc_prep_joined for v5amiydkXFR executed successfully.]
[2025-05-18 04:36:49,198: INFO: prep: Procedure proc_prep_joined for TmGBqInZVhq executed successfully.]
[2025-05-18 04:36:49,212: INFO: prep: Procedure proc_prep_joined for zefkaAepgSB executed successfully.]
[2025-05-18 04:36:49,743: INFO: prep: Procedure proc_prep_joined for jLRtj3a2Tt2 executed successfully.]
[2025-05-18 04:36:50,562: INFO: prep: Procedure proc_prep_joined for E5jz9JxYBuv executed successfully.]
[2025-05-18 04:36:51,824: INFO: prep: Procedure proc_prep_joined for WVFumwCOfkQ executed successfully.]
[2025-05-18 04:36:52,321: INFO: prep: Procedure proc_prep_joined for ExiHYOsNk3q executed successfully.]
[2025-05-18 04:36:52,539: INFO: prep: Procedure proc_prep_joined for e2ghLPzhRsA executed successfully.]
[2025-05-18 04:36:54,051: INFO: prep: Procedure proc_prep_joined for bCq8A5XWjyg executed successfully.]
[2025-05-18 04:36:55,508: INFO: prep: Procedure proc_prep_joined for dGWGBrHxH5l executed successfully.]
[2025-05-18 04:36:55,509: INFO: prep: Batch of 41 procedures executed successfully for datim_ids: ['cDBBCOyZlvK', 'A4VsXrMgMv4', 'KrsNTx44G1I', 'A30KxirCAp2', 'kUtyn0U4Zl4', 'FI1b1lrL3xn', 'yNjhW4au9Gd', 'o7hgxd8M2UG', 'qkQLc203fsM', 'eaUGM1Cez6i', 'VEB3JmuvRvA', 'iaFSfOCz1iJ', 'nkN1spDorve', 'MryVbzxkYro', 'XsH3pb5MppK', 'jr0U0XTwpCo', 'dWH4Pf6d3E1', 'IwTrwdDosMz', 'LYquSI9pG7Q', 'ooKDMYJdMx4', 'OcFekRBRw8K', 'RHLPUEDKJTO', 'kX8xnWAHMN1', 'LCjPSP6NXnx', 'ZbULgMXKgbM', 'oqoqv4gYI7b', 'WVFumwCOfkQ', 'LH4mky1erCW', 'TmGBqInZVhq', 'E5jz9JxYBuv', 'dDjYg2AJ2Uh', 'PDVQpUxTXWh', 'jLRtj3a2Tt2', 'zefkaAepgSB', 'v5amiydkXFR', 'e2ghLPzhRsA', 'j8eePYmxQMa', 'WelDMwOKCUx', 'dGWGBrHxH5l', 'ExiHYOsNk3q', 'bCq8A5XWjyg']]
[2025-05-18 04:36:57,615: INFO: prep: Procedure proc_prep_joined for JE1UGqhTRRi executed successfully.]
[2025-05-18 04:37:16,955: INFO: prep: Procedure proc_prep_joined for LL6jopCDukP executed successfully.]
[2025-05-18 04:37:18,570: INFO: prep: Procedure proc_prep_joined for GBFvMIKcqNH executed successfully.]
[2025-05-18 04:37:18,700: INFO: prep: Procedure proc_prep_joined for sCJI7AumkSI executed successfully.]
[2025-05-18 04:37:19,018: INFO: prep: Procedure proc_prep_joined for mHOfmCd4X1a executed successfully.]
[2025-05-18 04:37:19,661: INFO: prep: Procedure proc_prep_joined for MG3peZmxoZ4 executed successfully.]
[2025-05-18 04:37:21,182: INFO: prep: Procedure proc_prep_joined for WggMENECm56 executed successfully.]
[2025-05-18 04:37:21,833: INFO: prep: Procedure proc_prep_joined for CLV2IpJqFN9 executed successfully.]
[2025-05-18 04:37:23,074: INFO: prep: Procedure proc_prep_joined for y9g73y2KvTz executed successfully.]
[2025-05-18 04:37:24,011: INFO: prep: Procedure proc_prep_joined for X4essdlWla1 executed successfully.]
[2025-05-18 04:37:25,919: INFO: prep: Procedure proc_prep_joined for Nr0rTv5UwPN executed successfully.]
[2025-05-18 04:37:26,367: INFO: prep: Procedure proc_prep_joined for oXvC0skZyEv executed successfully.]
[2025-05-18 04:37:27,791: INFO: prep: Procedure proc_prep_joined for rSLoHKc0nGd executed successfully.]
[2025-05-18 04:37:28,831: INFO: prep: Procedure proc_prep_joined for f7pc95EBAq1 executed successfully.]
[2025-05-18 04:37:30,407: INFO: prep: Procedure proc_prep_joined for ZrXopbQTVQk executed successfully.]
[2025-05-18 04:37:30,563: INFO: prep: Procedure proc_prep_joined for l9SjuTi1FWG executed successfully.]
[2025-05-18 04:37:30,954: INFO: prep: Procedure proc_prep_joined for hNUKXS8c50H executed successfully.]
[2025-05-18 04:37:32,751: INFO: prep: Procedure proc_prep_joined for wqwVSiQtdPr executed successfully.]
[2025-05-18 04:37:32,793: INFO: prep: Procedure proc_prep_joined for Ufkohku0hkU executed successfully.]
[2025-05-18 04:37:33,673: INFO: prep: Procedure proc_prep_joined for sMllNyKolZf executed successfully.]
[2025-05-18 04:37:33,785: INFO: prep: Procedure proc_prep_joined for IiIYrVsq9rk executed successfully.]
[2025-05-18 04:37:34,251: INFO: prep: Procedure proc_prep_joined for t0jgNrpHrZk executed successfully.]
[2025-05-18 04:37:36,955: INFO: prep: Procedure proc_prep_joined for nSKjtT6Gluq executed successfully.]
[2025-05-18 04:37:37,098: INFO: prep: Procedure proc_prep_joined for zERoCg85K9p executed successfully.]
[2025-05-18 04:37:37,957: INFO: prep: Procedure proc_prep_joined for VdCGl06sMSO executed successfully.]
[2025-05-18 04:37:43,808: INFO: prep: Procedure proc_prep_joined for AFtz58N0L6c executed successfully.]
[2025-05-18 04:37:50,307: INFO: prep: Procedure proc_prep_joined for HBed8BbOFGL executed successfully.]
[2025-05-18 04:37:52,480: INFO: prep: Procedure proc_prep_joined for eaFdjHVt2JA executed successfully.]
[2025-05-18 04:37:53,885: INFO: prep: Procedure proc_prep_joined for FNp2uKYIpZa executed successfully.]
[2025-05-18 04:37:53,937: INFO: prep: Procedure proc_prep_joined for klmH3rufFzM executed successfully.]
[2025-05-18 04:37:54,108: INFO: prep: Procedure proc_prep_joined for QyGta1aWcQl executed successfully.]
[2025-05-18 04:37:54,164: INFO: prep: Procedure proc_prep_joined for QZtaXaScocF executed successfully.]
[2025-05-18 04:37:58,965: INFO: prep: Procedure proc_prep_joined for bQRrBX1dImc executed successfully.]
[2025-05-18 04:38:00,044: INFO: prep: Procedure proc_prep_joined for x28h6GM4JaJ executed successfully.]
[2025-05-18 04:38:01,003: INFO: prep: Procedure proc_prep_joined for wLVsKQeLovq executed successfully.]
[2025-05-18 04:38:02,606: INFO: prep: Procedure proc_prep_joined for gAyhPRmy7qA executed successfully.]
[2025-05-18 04:38:02,965: INFO: prep: Procedure proc_prep_joined for gW4HoZwOJ9J executed successfully.]
[2025-05-18 04:38:02,965: INFO: prep: Batch of 37 procedures executed successfully for datim_ids: ['AFtz58N0L6c', 'LL6jopCDukP', 'rSLoHKc0nGd', 'X4essdlWla1', 'ZrXopbQTVQk', 'mHOfmCd4X1a', 'zERoCg85K9p', 'f7pc95EBAq1', 'Ufkohku0hkU', 'VdCGl06sMSO', 'nSKjtT6Gluq', 'IiIYrVsq9rk', 'l9SjuTi1FWG', 'hNUKXS8c50H', 'MG3peZmxoZ4', 'Nr0rTv5UwPN', 't0jgNrpHrZk', 'GBFvMIKcqNH', 'wqwVSiQtdPr', 'oXvC0skZyEv', 'JE1UGqhTRRi', 'y9g73y2KvTz', 'sCJI7AumkSI', 'WggMENECm56', 'sMllNyKolZf', 'QyGta1aWcQl', 'HBed8BbOFGL', 'CLV2IpJqFN9', 'FNp2uKYIpZa', 'QZtaXaScocF', 'klmH3rufFzM', 'eaFdjHVt2JA', 'bQRrBX1dImc', 'gW4HoZwOJ9J', 'x28h6GM4JaJ', 'gAyhPRmy7qA', 'wLVsKQeLovq']]
[2025-05-18 04:38:06,807: INFO: prep: Procedure proc_prep_joined for A2O8vKakKks executed successfully.]
[2025-05-18 04:38:06,895: INFO: prep: Procedure proc_prep_joined for mFpf0FXTHzL executed successfully.]
[2025-05-18 04:38:33,874: INFO: prep: Procedure proc_prep_joined for oenKdeklMdy executed successfully.]
[2025-05-18 04:38:33,922: INFO: prep: Procedure proc_prep_joined for uMEtGqxOKrJ executed successfully.]
[2025-05-18 04:38:35,174: INFO: prep: Procedure proc_prep_joined for nI66rtJTsr9 executed successfully.]
[2025-05-18 04:38:35,435: INFO: prep: Procedure proc_prep_joined for HwtnV8T9Ez0 executed successfully.]
[2025-05-18 04:38:36,006: INFO: prep: Procedure proc_prep_joined for IhmTYwfsajE executed successfully.]
[2025-05-18 04:38:36,483: INFO: prep: Procedure proc_prep_joined for a8QWl1dG6L0 executed successfully.]
[2025-05-18 04:38:36,755: INFO: prep: Procedure proc_prep_joined for AhmA0wHmVE1 executed successfully.]
[2025-05-18 04:38:37,566: INFO: prep: Procedure proc_prep_joined for TBmwZ9LSHfO executed successfully.]
[2025-05-18 04:38:39,755: INFO: prep: Procedure proc_prep_joined for bK531CImu0U executed successfully.]
[2025-05-18 04:38:40,194: INFO: prep: Procedure proc_prep_joined for oUA45oloVUN executed successfully.]
[2025-05-18 04:38:40,749: INFO: prep: Procedure proc_prep_joined for IPmL9mwpO8p executed successfully.]
[2025-05-18 04:38:41,030: INFO: prep: Procedure proc_prep_joined for PLrNBrw12w4 executed successfully.]
[2025-05-18 04:38:41,049: INFO: prep: Procedure proc_prep_joined for XgAwGBrGbeg executed successfully.]
[2025-05-18 04:38:41,420: INFO: prep: Procedure proc_prep_joined for IftOhYkOxD2 executed successfully.]
[2025-05-18 04:38:42,001: INFO: prep: Procedure proc_prep_joined for D22YzjCtgyM executed successfully.]
[2025-05-18 04:38:44,862: INFO: prep: Procedure proc_prep_joined for J9ESFJXtePB executed successfully.]
[2025-05-18 04:38:45,115: INFO: prep: Procedure proc_prep_joined for NcHykmnJlCo executed successfully.]
[2025-05-18 04:38:45,714: INFO: prep: Procedure proc_prep_joined for W253OQ4f8sy executed successfully.]
[2025-05-18 04:38:45,933: INFO: prep: Procedure proc_prep_joined for r0EtZzrlrYb executed successfully.]
[2025-05-18 04:38:46,291: INFO: prep: Procedure proc_prep_joined for yxClkk4SCzL executed successfully.]
[2025-05-18 04:38:47,234: INFO: prep: Procedure proc_prep_joined for nnilM3jDaXI executed successfully.]
[2025-05-18 04:38:47,447: INFO: prep: Procedure proc_prep_joined for AhMWg4BfCR3 executed successfully.]
[2025-05-18 04:38:48,443: INFO: prep: Procedure proc_prep_joined for BNvTkO5uvaN executed successfully.]
[2025-05-18 04:38:49,535: INFO: prep: Procedure proc_prep_joined for iFnNa3eXIu7 executed successfully.]
[2025-05-18 04:38:49,938: INFO: prep: Procedure proc_prep_joined for LORV7JnPq20 executed successfully.]
[2025-05-18 04:38:52,669: INFO: prep: Procedure proc_prep_joined for tCyeaSytxmN executed successfully.]
[2025-05-18 04:39:15,306: INFO: prep: Procedure proc_prep_joined for GxSUmojRHpC executed successfully.]
[2025-05-18 04:39:17,845: INFO: prep: Procedure proc_prep_joined for svjTbtRNldx executed successfully.]
[2025-05-18 04:39:18,448: INFO: prep: Procedure proc_prep_joined for qENsgINaipc executed successfully.]
[2025-05-18 04:39:18,615: INFO: prep: Procedure proc_prep_joined for NnWGTRUw6lG executed successfully.]
[2025-05-18 04:39:20,137: INFO: prep: Procedure proc_prep_joined for boIwPPchmTK executed successfully.]
[2025-05-18 04:39:20,356: INFO: prep: Procedure proc_prep_joined for aGpasZzMXCH executed successfully.]
[2025-05-18 04:39:21,782: INFO: prep: Procedure proc_prep_joined for ZmhIOfFGyFd executed successfully.]
[2025-05-18 04:39:22,462: INFO: prep: Procedure proc_prep_joined for riRU6FlJVVR executed successfully.]
[2025-05-18 04:39:24,092: INFO: prep: Procedure proc_prep_joined for Znb4nTT8QvI executed successfully.]
[2025-05-18 04:39:24,377: INFO: prep: Procedure proc_prep_joined for GKcLvNya0v1 executed successfully.]
[2025-05-18 04:39:24,941: INFO: prep: Procedure proc_prep_joined for MviB6BlDITF executed successfully.]
[2025-05-18 04:39:25,402: INFO: prep: Procedure proc_prep_joined for qadjYTdccOC executed successfully.]
[2025-05-18 04:39:25,763: INFO: prep: Procedure proc_prep_joined for YAnAxydtYKq executed successfully.]
[2025-05-18 04:39:26,054: INFO: prep: Procedure proc_prep_joined for rrXtIriTtBY executed successfully.]
[2025-05-18 04:39:26,254: INFO: prep: Procedure proc_prep_joined for uODysfU48Tg executed successfully.]
[2025-05-18 04:39:26,779: INFO: prep: Procedure proc_prep_joined for sxh43Q2fp9k executed successfully.]
[2025-05-18 04:39:27,063: INFO: prep: Procedure proc_prep_joined for NAGd5Q25uMa executed successfully.]
[2025-05-18 04:39:27,430: INFO: prep: Procedure proc_prep_joined for NIulfQauxlQ executed successfully.]
[2025-05-18 04:39:27,660: INFO: prep: Procedure proc_prep_joined for hkVNPOmvZrx executed successfully.]
[2025-05-18 04:39:28,276: INFO: prep: Procedure proc_prep_joined for FsXKw0S3P1q executed successfully.]
[2025-05-18 04:39:28,839: INFO: prep: Procedure proc_prep_joined for uuRq7RHFOm4 executed successfully.]
[2025-05-18 04:39:32,254: INFO: prep: Procedure proc_prep_joined for VmAoro8EGIz executed successfully.]
[2025-05-18 04:39:32,255: INFO: prep: Batch of 50 procedures executed successfully for datim_ids: ['nnilM3jDaXI', 'r0EtZzrlrYb', 'IPmL9mwpO8p', 'PLrNBrw12w4', 'a8QWl1dG6L0', 'W253OQ4f8sy', 'D22YzjCtgyM', 'TBmwZ9LSHfO', 'IftOhYkOxD2', 'yxClkk4SCzL', 'HwtnV8T9Ez0', 'nI66rtJTsr9', 'NcHykmnJlCo', 'oenKdeklMdy', 'A2O8vKakKks', 'XgAwGBrGbeg', 'oUA45oloVUN', 'uMEtGqxOKrJ', 'bK531CImu0U', 'mFpf0FXTHzL', 'J9ESFJXtePB', 'IhmTYwfsajE', 'AhMWg4BfCR3', 'AhmA0wHmVE1', 'tCyeaSytxmN', 'iFnNa3eXIu7', 'GxSUmojRHpC', 'aGpasZzMXCH', 'svjTbtRNldx', 'NnWGTRUw6lG', 'riRU6FlJVVR', 'MviB6BlDITF', 'Znb4nTT8QvI', 'boIwPPchmTK', 'sxh43Q2fp9k', 'qadjYTdccOC', 'ZmhIOfFGyFd', 'uODysfU48Tg', 'uuRq7RHFOm4', 'qENsgINaipc', 'NAGd5Q25uMa', 'BNvTkO5uvaN', 'NIulfQauxlQ', 'rrXtIriTtBY', 'GKcLvNya0v1', 'LORV7JnPq20', 'hkVNPOmvZrx', 'FsXKw0S3P1q', 'YAnAxydtYKq', 'VmAoro8EGIz']]
[2025-05-18 04:39:33,150: INFO: prep: Procedure proc_prep_joined for bSGThj4mGr5 executed successfully.]
[2025-05-18 04:39:33,564: INFO: prep: Procedure proc_prep_joined for MbdvhJg5Jag executed successfully.]
[2025-05-18 04:39:35,494: INFO: prep: Procedure proc_prep_joined for cihXXrU8ccN executed successfully.]
[2025-05-18 04:39:35,564: INFO: prep: Procedure proc_prep_joined for YPQQU02Is0Q executed successfully.]
[2025-05-18 04:39:36,501: INFO: prep: Procedure proc_prep_joined for BVY7GQhKEOJ executed successfully.]
[2025-05-18 04:39:36,787: INFO: prep: Procedure proc_prep_joined for PDYMEuWILSG executed successfully.]
[2025-05-18 04:39:36,988: INFO: prep: Procedure proc_prep_joined for kEoPeO75AG2 executed successfully.]
[2025-05-18 04:39:42,131: INFO: prep: Procedure proc_prep_joined for nWEz7nGVta0 executed successfully.]
[2025-05-18 04:40:03,318: INFO: prep: Procedure proc_prep_joined for cMNSAETndkr executed successfully.]
[2025-05-18 04:40:03,606: INFO: prep: Procedure proc_prep_joined for Ag7NgvhCbeD executed successfully.]
[2025-05-18 04:40:04,006: INFO: prep: Procedure proc_prep_joined for sOytnsaHQHm executed successfully.]
[2025-05-18 04:40:04,287: INFO: prep: Procedure proc_prep_joined for FNn62Ztq2PG executed successfully.]
[2025-05-18 04:40:04,466: INFO: prep: Procedure proc_prep_joined for JZL6IMoe5G3 executed successfully.]
[2025-05-18 04:40:04,546: INFO: prep: Procedure proc_prep_joined for PI23kX7kKce executed successfully.]
[2025-05-18 04:40:05,558: INFO: prep: Procedure proc_prep_joined for QYEUyQCxByE executed successfully.]
[2025-05-18 04:40:06,626: INFO: prep: Procedure proc_prep_joined for eOrrK6aBIrt executed successfully.]
[2025-05-18 04:40:07,157: INFO: prep: Procedure proc_prep_joined for SoQeEge5A3R executed successfully.]
[2025-05-18 04:40:07,660: INFO: prep: Procedure proc_prep_joined for XM5FIOVzxeq executed successfully.]
[2025-05-18 04:40:07,670: INFO: prep: Procedure proc_prep_joined for NpZ66HtziLp executed successfully.]
[2025-05-18 04:40:08,278: INFO: prep: Procedure proc_prep_joined for q2JGDM361oa executed successfully.]
[2025-05-18 04:40:08,458: INFO: prep: Procedure proc_prep_joined for dPMz5hZCA4F executed successfully.]
[2025-05-18 04:40:08,522: INFO: prep: Procedure proc_prep_joined for hLmApvMWwhL executed successfully.]
[2025-05-18 04:40:08,675: INFO: prep: Procedure proc_prep_joined for BdkPVpsPvY2 executed successfully.]
[2025-05-18 04:40:08,854: INFO: prep: Procedure proc_prep_joined for Q0j6B6ZEPyg executed successfully.]
[2025-05-18 04:40:09,782: INFO: prep: Procedure proc_prep_joined for ev7p3ZXSypf executed successfully.]
[2025-05-18 04:40:10,996: INFO: prep: Procedure proc_prep_joined for sTlSdQL4Vfn executed successfully.]
[2025-05-18 04:40:11,379: INFO: prep: Procedure proc_prep_joined for FeJHkTR47jp executed successfully.]
[2025-05-18 04:40:12,489: INFO: prep: Procedure proc_prep_joined for zOcpMnPHG8G executed successfully.]
[2025-05-18 04:40:12,639: INFO: prep: Procedure proc_prep_joined for HkCwpGHJ69N executed successfully.]
[2025-05-18 04:40:12,703: INFO: prep: Procedure proc_prep_joined for mSFwZ4NPQuY executed successfully.]
[2025-05-18 04:40:13,958: INFO: prep: Procedure proc_prep_joined for LliovAzxkgb executed successfully.]
[2025-05-18 04:40:18,581: INFO: prep: Procedure proc_prep_joined for MuYD8OawdzS executed successfully.]
[2025-05-18 04:40:28,967: INFO: prep: Procedure proc_prep_joined for DBYxE32AtXd executed successfully.]
[2025-05-18 04:40:29,221: INFO: prep: Procedure proc_prep_joined for bz9lwL7ta7W executed successfully.]
[2025-05-18 04:40:29,648: INFO: prep: Procedure proc_prep_joined for RCGjW1DW7Gl executed successfully.]
[2025-05-18 04:40:29,658: INFO: prep: Procedure proc_prep_joined for ClvpY2CmBNj executed successfully.]
[2025-05-18 04:40:30,610: INFO: prep: Procedure proc_prep_joined for cnBWjGNRURc executed successfully.]
[2025-05-18 04:40:32,921: INFO: prep: Procedure proc_prep_joined for PqIG8tDLCBv executed successfully.]
[2025-05-18 04:40:32,921: INFO: prep: Batch of 38 procedures executed successfully for datim_ids: ['eOrrK6aBIrt', 'cMNSAETndkr', 'mSFwZ4NPQuY', 'SoQeEge5A3R', 'PI23kX7kKce', 'Ag7NgvhCbeD', 'FeJHkTR47jp', 'zOcpMnPHG8G', 'XM5FIOVzxeq', 'JZL6IMoe5G3', 'BVY7GQhKEOJ', 'HkCwpGHJ69N', 'PDYMEuWILSG', 'ev7p3ZXSypf', 'Q0j6B6ZEPyg', 'cihXXrU8ccN', 'kEoPeO75AG2', 'LliovAzxkgb', 'FNn62Ztq2PG', 'YPQQU02Is0Q', 'bSGThj4mGr5', 'MbdvhJg5Jag', 'QYEUyQCxByE', 'q2JGDM361oa', 'NpZ66HtziLp', 'MuYD8OawdzS', 'BdkPVpsPvY2', 'sOytnsaHQHm', 'hLmApvMWwhL', 'dPMz5hZCA4F', 'nWEz7nGVta0', 'sTlSdQL4Vfn', 'DBYxE32AtXd', 'bz9lwL7ta7W', 'PqIG8tDLCBv', 'ClvpY2CmBNj', 'cnBWjGNRURc', 'RCGjW1DW7Gl']]
[2025-05-18 04:40:33,727: INFO: prep: Procedure proc_prep_joined for xczGTH4Vt97 executed successfully.]
[2025-05-18 04:40:33,979: INFO: prep: Procedure proc_prep_joined for t9wRY1A0DLe executed successfully.]
[2025-05-18 04:40:34,492: INFO: prep: Procedure proc_prep_joined for FMA9UDB6kWE executed successfully.]
[2025-05-18 04:40:36,504: INFO: prep: Procedure proc_prep_joined for aG634TzZo19 executed successfully.]
[2025-05-18 04:40:37,131: INFO: prep: Procedure proc_prep_joined for zrmFDKuEwvY executed successfully.]
[2025-05-18 04:40:37,762: INFO: prep: Procedure proc_prep_joined for yHC4slVfeDb executed successfully.]
[2025-05-18 04:40:39,679: INFO: prep: Procedure proc_prep_joined for CSK6FErktDd executed successfully.]
[2025-05-18 04:41:09,629: INFO: prep: Procedure proc_prep_joined for gNfPmS9Pmbr executed successfully.]
[2025-05-18 04:41:10,068: INFO: prep: Procedure proc_prep_joined for EzCuaK16yja executed successfully.]
[2025-05-18 04:41:10,254: INFO: prep: Procedure proc_prep_joined for iY92EPCH3zM executed successfully.]
[2025-05-18 04:41:11,017: INFO: prep: Procedure proc_prep_joined for XHXGJpskTtQ executed successfully.]
[2025-05-18 04:41:11,380: INFO: prep: Procedure proc_prep_joined for CTL8iNhJwBB executed successfully.]
[2025-05-18 04:41:13,046: INFO: prep: Procedure proc_prep_joined for LBgwDTw2C8u executed successfully.]
[2025-05-18 04:41:13,584: INFO: prep: Procedure proc_prep_joined for YkKtpQkI0DA executed successfully.]
[2025-05-18 04:41:13,828: INFO: prep: Procedure proc_prep_joined for nnjEYKiOt3O executed successfully.]
[2025-05-18 04:41:14,103: INFO: prep: Procedure proc_prep_joined for Ptnp8JFEIm0 executed successfully.]
[2025-05-18 04:41:14,154: INFO: prep: Procedure proc_prep_joined for qiKhQYRyiMc executed successfully.]
[2025-05-18 04:41:14,230: INFO: prep: Procedure proc_prep_joined for zyNpCab6d3Z executed successfully.]
[2025-05-18 04:41:14,291: INFO: prep: Procedure proc_prep_joined for gR8LIQkSMn8 executed successfully.]
[2025-05-18 04:41:14,464: INFO: prep: Procedure proc_prep_joined for lbahxODJXCM executed successfully.]
[2025-05-18 04:41:14,800: INFO: prep: Procedure proc_prep_joined for KYGNqrZrhD7 executed successfully.]
[2025-05-18 04:41:15,359: INFO: prep: Procedure proc_prep_joined for IU4lXhgmRYl executed successfully.]
[2025-05-18 04:41:15,770: INFO: prep: Procedure proc_prep_joined for O7ZT10hlis4 executed successfully.]
[2025-05-18 04:41:15,950: INFO: prep: Procedure proc_prep_joined for IT1CAw7NmXo executed successfully.]
[2025-05-18 04:41:16,062: INFO: prep: Procedure proc_prep_joined for wj03dAcVomS executed successfully.]
[2025-05-18 04:41:16,121: INFO: prep: Procedure proc_prep_joined for VJAGNlxdeyv executed successfully.]
[2025-05-18 04:41:16,329: INFO: prep: Procedure proc_prep_joined for QpIjNJI8vUS executed successfully.]
[2025-05-18 04:41:16,401: INFO: prep: Procedure proc_prep_joined for hZUBGSg9eB9 executed successfully.]
[2025-05-18 04:41:16,507: INFO: prep: Procedure proc_prep_joined for bPHCezfUwaP executed successfully.]
[2025-05-18 04:41:17,238: INFO: prep: Procedure proc_prep_joined for IQPiXfRGT1k executed successfully.]
[2025-05-18 04:41:17,358: INFO: prep: Procedure proc_prep_joined for dmrFYPiuKAA executed successfully.]
[2025-05-18 04:41:17,909: INFO: prep: Procedure proc_prep_joined for FkAH7EayLSS executed successfully.]
[2025-05-18 04:41:18,023: INFO: prep: Procedure proc_prep_joined for ikK22AdDdjA executed successfully.]
[2025-05-18 04:41:20,822: INFO: prep: Procedure proc_prep_joined for rB78LYw7nv2 executed successfully.]
[2025-05-18 04:41:25,031: INFO: prep: Procedure proc_prep_joined for UcFUTdO5sQv executed successfully.]
[2025-05-18 04:41:37,166: INFO: prep: Procedure proc_prep_joined for w5eSPCsTUXh executed successfully.]
[2025-05-18 04:41:44,273: INFO: prep: Procedure proc_prep_joined for mxeORAzNzal executed successfully.]
[2025-05-18 04:41:44,735: INFO: prep: Procedure proc_prep_joined for lQTQ4TXvJyY executed successfully.]
[2025-05-18 04:41:44,770: INFO: prep: Procedure proc_prep_joined for rVULNREkq0q executed successfully.]
[2025-05-18 04:41:45,382: INFO: prep: Procedure proc_prep_joined for QWkhj6LkQMO executed successfully.]
[2025-05-18 04:41:46,821: INFO: prep: Procedure proc_prep_joined for c3kbJokGc4i executed successfully.]
[2025-05-18 04:41:47,350: INFO: prep: Procedure proc_prep_joined for wByDgXTFiHI executed successfully.]
[2025-05-18 04:41:47,418: INFO: prep: Procedure proc_prep_joined for j4Hmo4w9Lia executed successfully.]
[2025-05-18 04:41:47,625: INFO: prep: Procedure proc_prep_joined for x46m45UoY7H executed successfully.]
[2025-05-18 04:41:48,795: INFO: prep: Procedure proc_prep_joined for jTiweHpRvd4 executed successfully.]
[2025-05-18 04:41:49,454: INFO: prep: Procedure proc_prep_joined for tnkmHqHxeyp executed successfully.]
[2025-05-18 04:41:50,422: INFO: prep: Procedure proc_prep_joined for OX2RLpRPBK4 executed successfully.]
[2025-05-18 04:41:52,801: INFO: prep: Procedure proc_prep_joined for cYvZUmSQTyQ executed successfully.]
[2025-05-18 04:41:53,244: INFO: prep: Procedure proc_prep_joined for ulunZz6L3UM executed successfully.]
[2025-05-18 04:41:54,723: INFO: prep: Procedure proc_prep_joined for uz0kFwLBXqH executed successfully.]
[2025-05-18 04:41:54,724: INFO: prep: Batch of 50 procedures executed successfully for datim_ids: ['IQPiXfRGT1k', 'UcFUTdO5sQv', 'rB78LYw7nv2', 'xczGTH4Vt97', 'bPHCezfUwaP', 'FkAH7EayLSS', 'QpIjNJI8vUS', 'qiKhQYRyiMc', 'EzCuaK16yja', 't9wRY1A0DLe', 'iY92EPCH3zM', 'zrmFDKuEwvY', 'IU4lXhgmRYl', 'KYGNqrZrhD7', 'lbahxODJXCM', 'IT1CAw7NmXo', 'XHXGJpskTtQ', 'hZUBGSg9eB9', 'gNfPmS9Pmbr', 'LBgwDTw2C8u', 'VJAGNlxdeyv', 'yHC4slVfeDb', 'gR8LIQkSMn8', 'aG634TzZo19', 'ikK22AdDdjA', 'FMA9UDB6kWE', 'zyNpCab6d3Z', 'wj03dAcVomS', 'CSK6FErktDd', 'YkKtpQkI0DA', 'dmrFYPiuKAA', 'lQTQ4TXvJyY', 'rVULNREkq0q', 'w5eSPCsTUXh', 'CTL8iNhJwBB', 'nnjEYKiOt3O', 'j4Hmo4w9Lia', 'Ptnp8JFEIm0', 'O7ZT10hlis4', 'jTiweHpRvd4', 'mxeORAzNzal', 'QWkhj6LkQMO', 'x46m45UoY7H', 'wByDgXTFiHI', 'OX2RLpRPBK4', 'c3kbJokGc4i', 'cYvZUmSQTyQ', 'ulunZz6L3UM', 'uz0kFwLBXqH', 'tnkmHqHxeyp']]
[2025-05-18 04:41:55,249: INFO: prep: Procedure proc_prep_joined for hBMgAL3QIyX executed successfully.]
[2025-05-18 04:41:55,259: INFO: prep: Procedure proc_prep_joined for OeJa4jlFOD7 executed successfully.]
[2025-05-18 04:41:55,277: INFO: prep: Procedure proc_prep_joined for RuHdlmhOXxR executed successfully.]
[2025-05-18 04:41:56,429: INFO: prep: Procedure proc_prep_joined for bTaWOxebwQJ executed successfully.]
[2025-05-18 04:41:56,548: INFO: prep: Procedure proc_prep_joined for CCcAjuVA9e3 executed successfully.]
[2025-05-18 04:41:56,929: INFO: prep: Procedure proc_prep_joined for Xa1RCh7Z2aC executed successfully.]
[2025-05-18 04:41:56,972: INFO: prep: Procedure proc_prep_joined for s04k18oAHbQ executed successfully.]
[2025-05-18 04:41:57,118: INFO: prep: Procedure proc_prep_joined for GuCdZy1Pkkx executed successfully.]
[2025-05-18 04:41:57,382: INFO: prep: Procedure proc_prep_joined for lcN4UPIp3pu executed successfully.]
[2025-05-18 04:41:57,472: INFO: prep: Procedure proc_prep_joined for ByosPb3uhpZ executed successfully.]
[2025-05-18 04:41:57,804: INFO: prep: Procedure proc_prep_joined for YCp9aLmSmMt executed successfully.]
[2025-05-18 04:41:58,246: INFO: prep: Procedure proc_prep_joined for rSmFsJpZIM9 executed successfully.]
[2025-05-18 04:42:01,917: INFO: prep: Procedure proc_prep_joined for CUOBDrrXyZ2 executed successfully.]
[2025-05-18 04:42:23,685: INFO: prep: Procedure proc_prep_joined for nGR9a1EEjSe executed successfully.]
[2025-05-18 04:42:24,746: INFO: prep: Procedure proc_prep_joined for jfE3XKBsFEv executed successfully.]
[2025-05-18 04:42:25,226: INFO: prep: Procedure proc_prep_joined for Tk24Hw61cVU executed successfully.]
[2025-05-18 04:42:27,653: INFO: prep: Procedure proc_prep_joined for OvwdEjZGjKt executed successfully.]
[2025-05-18 04:42:28,360: INFO: prep: Procedure proc_prep_joined for f2d3oP0aYEL executed successfully.]
[2025-05-18 04:42:28,604: INFO: prep: Procedure proc_prep_joined for Dvux7A7zw9Y executed successfully.]
[2025-05-18 04:42:29,077: INFO: prep: Procedure proc_prep_joined for wr9qVe5a1vQ executed successfully.]
[2025-05-18 04:42:29,896: INFO: prep: Procedure proc_prep_joined for TTOoi0wF4G9 executed successfully.]
[2025-05-18 04:42:29,914: INFO: prep: Procedure proc_prep_joined for PBvN0n4G8hf executed successfully.]
[2025-05-18 04:42:29,955: INFO: prep: Procedure proc_prep_joined for OW1YrtWD9gw executed successfully.]
[2025-05-18 04:42:30,331: INFO: prep: Procedure proc_prep_joined for FKlk0W9Cyp1 executed successfully.]
[2025-05-18 04:42:30,453: INFO: prep: Procedure proc_prep_joined for Bd9zC4esWvG executed successfully.]
[2025-05-18 04:42:30,802: INFO: prep: Procedure proc_prep_joined for zFIutbAwvSN executed successfully.]
[2025-05-18 04:42:31,415: INFO: prep: Procedure proc_prep_joined for L9BtLFuM11b executed successfully.]
[2025-05-18 04:42:32,119: INFO: prep: Procedure proc_prep_joined for yoSOoXriY80 executed successfully.]
[2025-05-18 04:42:32,401: INFO: prep: Procedure proc_prep_joined for hURCKR0F6TX executed successfully.]
[2025-05-18 04:42:32,643: INFO: prep: Procedure proc_prep_joined for wQbXqZui5JX executed successfully.]
[2025-05-18 04:42:33,149: INFO: prep: Procedure proc_prep_joined for IBL5Nck2ZZK executed successfully.]
[2025-05-18 04:42:33,829: INFO: prep: Procedure proc_prep_joined for th6DuyiCxCr executed successfully.]
[2025-05-18 04:42:34,107: INFO: prep: Procedure proc_prep_joined for oCg2otG1srn executed successfully.]
[2025-05-18 04:42:34,526: INFO: prep: Procedure proc_prep_joined for C1vafUnVo60 executed successfully.]
[2025-05-18 04:42:34,961: INFO: prep: Procedure proc_prep_joined for Oj5Vfz8YO0F executed successfully.]
[2025-05-18 04:42:35,064: INFO: prep: Procedure proc_prep_joined for lDMW6zdM1hI executed successfully.]
[2025-05-18 04:42:36,230: INFO: prep: Procedure proc_prep_joined for PqoYAdGV7tM executed successfully.]
[2025-05-18 04:42:37,730: INFO: prep: Procedure proc_prep_joined for sWPoQ1F0qcV executed successfully.]
[2025-05-18 04:42:38,668: INFO: prep: Procedure proc_prep_joined for zYDjpVGyR6R executed successfully.]
[2025-05-18 04:42:38,693: INFO: prep: Procedure proc_prep_joined for wqFu0L5LcPF executed successfully.]
[2025-05-18 04:42:39,733: INFO: prep: Procedure proc_prep_joined for NAM9pHOsNfq executed successfully.]
[2025-05-18 04:42:46,548: INFO: prep: Procedure proc_prep_joined for CQK2PPiXKcU executed successfully.]
[2025-05-18 04:42:52,064: INFO: prep: Procedure proc_prep_joined for PHZvwBEXVNN executed successfully.]
[2025-05-18 04:42:52,973: INFO: prep: Procedure proc_prep_joined for KwX0sJpQG48 executed successfully.]
[2025-05-18 04:42:53,466: INFO: prep: Procedure proc_prep_joined for Z19xPuBd18b executed successfully.]
[2025-05-18 04:42:53,471: INFO: prep: Procedure proc_prep_joined for SC6fbTfQufS executed successfully.]
[2025-05-18 04:42:53,992: INFO: prep: Procedure proc_prep_joined for ZEzwS0h2jaP executed successfully.]
[2025-05-18 04:42:54,491: INFO: prep: Procedure proc_prep_joined for HfmNgrzgWEZ executed successfully.]
[2025-05-18 04:42:54,968: INFO: prep: Procedure proc_prep_joined for K66w8LC7LCL executed successfully.]
[2025-05-18 04:42:55,501: INFO: prep: Procedure proc_prep_joined for jg0VSQiAIZZ executed successfully.]
[2025-05-18 04:42:55,502: INFO: prep: Batch of 50 procedures executed successfully for datim_ids: ['GuCdZy1Pkkx', 'jfE3XKBsFEv', 'Xa1RCh7Z2aC', 'C1vafUnVo60', 'IBL5Nck2ZZK', 'Bd9zC4esWvG', 'PBvN0n4G8hf', 'wQbXqZui5JX', 'OvwdEjZGjKt', 'hBMgAL3QIyX', 's04k18oAHbQ', 'TTOoi0wF4G9', 'th6DuyiCxCr', 'bTaWOxebwQJ', 'OeJa4jlFOD7', 'YCp9aLmSmMt', 'lcN4UPIp3pu', 'FKlk0W9Cyp1', 'RuHdlmhOXxR', 'L9BtLFuM11b', 'ByosPb3uhpZ', 'CCcAjuVA9e3', 'f2d3oP0aYEL', 'zFIutbAwvSN', 'rSmFsJpZIM9', 'nGR9a1EEjSe', 'OW1YrtWD9gw', 'Oj5Vfz8YO0F', 'hURCKR0F6TX', 'wqFu0L5LcPF', 'yoSOoXriY80', 'lDMW6zdM1hI', 'zYDjpVGyR6R', 'sWPoQ1F0qcV', 'PqoYAdGV7tM', 'CUOBDrrXyZ2', 'NAM9pHOsNfq', 'CQK2PPiXKcU', 'Tk24Hw61cVU', 'Dvux7A7zw9Y', 'SC6fbTfQufS', 'ZEzwS0h2jaP', 'wr9qVe5a1vQ', 'KwX0sJpQG48', 'HfmNgrzgWEZ', 'K66w8LC7LCL', 'jg0VSQiAIZZ', 'oCg2otG1srn', 'PHZvwBEXVNN', 'Z19xPuBd18b']]
[2025-05-18 04:42:55,843: INFO: prep: Procedure proc_prep_joined for HbrrJf2LRp5 executed successfully.]
[2025-05-18 04:42:55,872: INFO: prep: Procedure proc_prep_joined for zbFMCQu3vef executed successfully.]
[2025-05-18 04:42:56,003: INFO: prep: Procedure proc_prep_joined for HoVrqZFMKYD executed successfully.]
[2025-05-18 04:42:56,433: INFO: prep: Procedure proc_prep_joined for Zx9325ho5c7 executed successfully.]
[2025-05-18 04:42:57,415: INFO: prep: Procedure proc_prep_joined for gSuWQicbYKV executed successfully.]
[2025-05-18 04:42:57,470: INFO: prep: Procedure proc_prep_joined for L9aOC5x6Dm8 executed successfully.]
[2025-05-18 04:42:57,568: INFO: prep: Procedure proc_prep_joined for YjxQYf0Wb3T executed successfully.]
[2025-05-18 04:42:57,784: INFO: prep: Procedure proc_prep_joined for a3Q0ysm4zBc executed successfully.]
[2025-05-18 04:42:57,791: INFO: prep: Procedure proc_prep_joined for bpiu4ybCVk7 executed successfully.]
[2025-05-18 04:42:57,798: INFO: prep: Procedure proc_prep_joined for QynRyL8KjTi executed successfully.]
[2025-05-18 04:42:57,957: INFO: prep: Procedure proc_prep_joined for TqP0yUIXyDJ executed successfully.]
[2025-05-18 04:42:57,972: INFO: prep: Procedure proc_prep_joined for xFHZJRTTmlh executed successfully.]
[2025-05-18 04:42:59,870: INFO: prep: Procedure proc_prep_joined for JDpK41NqR4I executed successfully.]
[2025-05-18 04:43:00,651: INFO: prep: Procedure proc_prep_joined for zXsarb4djvA executed successfully.]
[2025-05-18 04:43:01,907: INFO: prep: Procedure proc_prep_joined for Zc488VQQEt0 executed successfully.]
[2025-05-18 04:43:17,970: INFO: prep: Procedure proc_prep_joined for Cmu3rczjJ3v executed successfully.]
[2025-05-18 04:43:18,062: INFO: prep: Procedure proc_prep_joined for yv1jnvahDdk executed successfully.]
[2025-05-18 04:43:18,151: INFO: prep: Procedure proc_prep_joined for orIlCoztYMt executed successfully.]
[2025-05-18 04:43:18,717: INFO: prep: Procedure proc_prep_joined for KXfvlSNOaBj executed successfully.]
[2025-05-18 04:43:18,919: INFO: prep: Procedure proc_prep_joined for RtB8GUggaMq executed successfully.]
[2025-05-18 04:43:19,458: INFO: prep: Procedure proc_prep_joined for sdO42TShMDc executed successfully.]
[2025-05-18 04:43:19,856: INFO: prep: Procedure proc_prep_joined for IWhCUSOysT0 executed successfully.]
[2025-05-18 04:43:20,257: INFO: prep: Procedure proc_prep_joined for gsw0bzX58MQ executed successfully.]
[2025-05-18 04:43:20,390: INFO: prep: Procedure proc_prep_joined for ULIxtdPb4SY executed successfully.]
[2025-05-18 04:43:20,466: INFO: prep: Procedure proc_prep_joined for ICBVBTSD1Ez executed successfully.]
[2025-05-18 04:43:20,507: INFO: prep: Procedure proc_prep_joined for QMs8rQLRnLB executed successfully.]
[2025-05-18 04:43:20,585: INFO: prep: Procedure proc_prep_joined for Wpbeq1IYUGg executed successfully.]
[2025-05-18 04:43:20,722: INFO: prep: Procedure proc_prep_joined for U2K4ultRYwn executed successfully.]
[2025-05-18 04:43:20,841: INFO: prep: Procedure proc_prep_joined for gNraY9lqY0q executed successfully.]
[2025-05-18 04:43:21,922: INFO: prep: Procedure proc_prep_joined for HGPAs1Y38ej executed successfully.]
[2025-05-18 04:43:22,057: INFO: prep: Procedure proc_prep_joined for iaDfLinhr5R executed successfully.]
[2025-05-18 04:43:22,501: INFO: prep: Procedure proc_prep_joined for Jg82rXVgIjp executed successfully.]
[2025-05-18 04:43:22,503: INFO: prep: Procedure proc_prep_joined for KPbHmQq5497 executed successfully.]
[2025-05-18 04:43:22,547: INFO: prep: Procedure proc_prep_joined for rwCzE0SdIor executed successfully.]
[2025-05-18 04:43:23,089: INFO: prep: Procedure proc_prep_joined for SkBX3Toxsby executed successfully.]
[2025-05-18 04:43:24,258: INFO: prep: Procedure proc_prep_joined for vVnDk5RgWyb executed successfully.]
[2025-05-18 04:43:24,912: INFO: prep: Procedure proc_prep_joined for X1b3ELB9LTX executed successfully.]
[2025-05-18 04:43:25,254: INFO: prep: Procedure proc_prep_joined for VV2YaEKzT3W executed successfully.]
[2025-05-18 04:43:25,480: INFO: prep: Procedure proc_prep_joined for vPSKCcxAeTR executed successfully.]
[2025-05-18 04:43:25,732: INFO: prep: Procedure proc_prep_joined for VtLu3s7tC8l executed successfully.]
[2025-05-18 04:43:25,962: INFO: prep: Procedure proc_prep_joined for siGKb9DTTcY executed successfully.]
[2025-05-18 04:43:33,781: INFO: prep: Procedure proc_prep_joined for NyAfbYPsCGy executed successfully.]
[2025-05-18 04:43:34,426: INFO: prep: Procedure proc_prep_joined for hxMSGzxlJoy executed successfully.]
[2025-05-18 04:43:34,618: INFO: prep: Procedure proc_prep_joined for gqJLAa2yUxY executed successfully.]
[2025-05-18 04:43:35,089: INFO: prep: Procedure proc_prep_joined for xLnu33wq3qm executed successfully.]
[2025-05-18 04:43:35,993: INFO: prep: Procedure proc_prep_joined for JtzEimEaHSe executed successfully.]
[2025-05-18 04:43:36,423: INFO: prep: Procedure proc_prep_joined for GNxyTCxwfNv executed successfully.]
[2025-05-18 04:43:36,660: INFO: prep: Procedure proc_prep_joined for vA2wulbOaP2 executed successfully.]
[2025-05-18 04:43:36,975: INFO: prep: Procedure proc_prep_joined for OQS9c6ymKTk executed successfully.]
[2025-05-18 04:43:37,223: INFO: prep: Procedure proc_prep_joined for Xb8UqZSE3u2 executed successfully.]
[2025-05-18 04:43:37,224: INFO: prep: Batch of 50 procedures executed successfully for datim_ids: ['SkBX3Toxsby', 'orIlCoztYMt', 'L9aOC5x6Dm8', 'KXfvlSNOaBj', 'siGKb9DTTcY', 'Cmu3rczjJ3v', 'iaDfLinhr5R', 'vPSKCcxAeTR', 'yv1jnvahDdk', 'zbFMCQu3vef', 'HGPAs1Y38ej', 'gSuWQicbYKV', 'QynRyL8KjTi', 'ULIxtdPb4SY', 'Jg82rXVgIjp', 'TqP0yUIXyDJ', 'sdO42TShMDc', 'YjxQYf0Wb3T', 'KPbHmQq5497', 'IWhCUSOysT0', 'HbrrJf2LRp5', 'HoVrqZFMKYD', 'rwCzE0SdIor', 'a3Q0ysm4zBc', 'ICBVBTSD1Ez', 'xFHZJRTTmlh', 'Zx9325ho5c7', 'bpiu4ybCVk7', 'X1b3ELB9LTX', 'QMs8rQLRnLB', 'gNraY9lqY0q', 'zXsarb4djvA', 'VV2YaEKzT3W', 'RtB8GUggaMq', 'JDpK41NqR4I', 'Wpbeq1IYUGg', 'Zc488VQQEt0', 'vVnDk5RgWyb', 'VtLu3s7tC8l', 'Xb8UqZSE3u2', 'gqJLAa2yUxY', 'NyAfbYPsCGy', 'xLnu33wq3qm', 'hxMSGzxlJoy', 'vA2wulbOaP2', 'gsw0bzX58MQ', 'U2K4ultRYwn', 'JtzEimEaHSe', 'OQS9c6ymKTk', 'GNxyTCxwfNv']]
[2025-05-18 04:43:37,577: INFO: prep: Procedure proc_prep_joined for uNmMXYmtxxt executed successfully.]
[2025-05-18 04:43:37,655: INFO: prep: Procedure proc_prep_joined for AO9H0p4eV9F executed successfully.]
[2025-05-18 04:43:37,665: INFO: prep: Procedure proc_prep_joined for La4N3pD6ObS executed successfully.]
[2025-05-18 04:43:37,682: INFO: prep: Procedure proc_prep_joined for seGv5p45yEI executed successfully.]
[2025-05-18 04:43:37,725: INFO: prep: Procedure proc_prep_joined for kfc3JYEMsJl executed successfully.]
[2025-05-18 04:43:37,759: INFO: prep: Procedure proc_prep_joined for eIEQfJzXHKC executed successfully.]
[2025-05-18 04:43:37,828: INFO: prep: Procedure proc_prep_joined for aznDINlQE34 executed successfully.]
[2025-05-18 04:43:38,197: INFO: prep: Procedure proc_prep_joined for NHl3PTFAptU executed successfully.]
[2025-05-18 04:43:39,088: INFO: prep: Procedure proc_prep_joined for AfNYqbO40Ek executed successfully.]
[2025-05-18 04:43:39,178: INFO: prep: Procedure proc_prep_joined for VJqZlhpcpX8 executed successfully.]
[2025-05-18 04:43:39,178: INFO: prep: Procedure proc_prep_joined for kOsbI5PXTJp executed successfully.]
[2025-05-18 04:43:39,261: INFO: prep: Procedure proc_prep_joined for D0aCFnLFrJ1 executed successfully.]
[2025-05-18 04:43:39,302: INFO: prep: Procedure proc_prep_joined for axdbSUSdU1I executed successfully.]
[2025-05-18 04:43:39,411: INFO: prep: Procedure proc_prep_joined for cSTWVVSUHkh executed successfully.]
[2025-05-18 04:43:39,463: INFO: prep: Procedure proc_prep_joined for KVtbjy9j27f executed successfully.]
[2025-05-18 04:43:39,482: INFO: prep: Procedure proc_prep_joined for B1Bapm1p7o3 executed successfully.]
[2025-05-18 04:43:39,790: INFO: prep: Procedure proc_prep_joined for LMQcW0HyCBK executed successfully.]
[2025-05-18 04:43:39,853: INFO: prep: Procedure proc_prep_joined for FUujN2317DQ executed successfully.]
[2025-05-18 04:43:40,186: INFO: prep: Procedure proc_prep_joined for FfoxmHVeNxv executed successfully.]
[2025-05-18 04:43:40,508: INFO: prep: Procedure proc_prep_joined for iZhoeOKZldm executed successfully.]
[2025-05-18 04:43:40,799: INFO: prep: Procedure proc_prep_joined for V4JM5LpUxPZ executed successfully.]
[2025-05-18 04:43:41,861: INFO: prep: Procedure proc_prep_joined for ElfpnKDYLsM executed successfully.]
[2025-05-18 04:43:42,648: INFO: prep: Procedure proc_prep_joined for SP2SZmnD5Z2 executed successfully.]
[2025-05-18 04:43:59,527: INFO: prep: Procedure proc_prep_joined for EEDw1M2T55Y executed successfully.]
[2025-05-18 04:43:59,650: INFO: prep: Procedure proc_prep_joined for SvuAvAPSwgQ executed successfully.]
[2025-05-18 04:43:59,916: INFO: prep: Procedure proc_prep_joined for O7NJlDikfE3 executed successfully.]
[2025-05-18 04:43:59,917: INFO: prep: Procedure proc_prep_joined for tKkLrqCI2P1 executed successfully.]
[2025-05-18 04:44:00,139: INFO: prep: Procedure proc_prep_joined for vZZ0OU8Skl0 executed successfully.]
[2025-05-18 04:44:00,750: INFO: prep: Procedure proc_prep_joined for mKEIEuNoACH executed successfully.]
[2025-05-18 04:44:00,989: INFO: prep: Procedure proc_prep_joined for BUJIxAfjuVT executed successfully.]
[2025-05-18 04:44:01,565: INFO: prep: Procedure proc_prep_joined for sUZAAfJqUlq executed successfully.]
[2025-05-18 04:44:02,369: INFO: prep: Procedure proc_prep_joined for kag7R4lCgaf executed successfully.]
[2025-05-18 04:44:02,617: INFO: prep: Procedure proc_prep_joined for xxKS86N6Lfm executed successfully.]
[2025-05-18 04:44:02,989: INFO: prep: Procedure proc_prep_joined for j8BrbYjIU9w executed successfully.]
[2025-05-18 04:44:03,115: INFO: prep: Procedure proc_prep_joined for PaUbHqs6Cmi executed successfully.]
[2025-05-18 04:44:03,461: INFO: prep: Procedure proc_prep_joined for BVEHIFI2Fea executed successfully.]
[2025-05-18 04:44:03,554: INFO: prep: Procedure proc_prep_joined for GnMobaPqjhE executed successfully.]
[2025-05-18 04:44:04,041: INFO: prep: Procedure proc_prep_joined for CvrZviZXXes executed successfully.]
[2025-05-18 04:44:04,766: INFO: prep: Procedure proc_prep_joined for fsL0vFUtlmw executed successfully.]
[2025-05-18 04:44:04,832: INFO: prep: Procedure proc_prep_joined for IheVn83ZMpW executed successfully.]
[2025-05-18 04:44:05,218: INFO: prep: Procedure proc_prep_joined for Xx0GEF0s5AY executed successfully.]
[2025-05-18 04:44:05,261: INFO: prep: Procedure proc_prep_joined for g3sFSQA4zPy executed successfully.]
[2025-05-18 04:44:05,344: INFO: prep: Procedure proc_prep_joined for uEVMPceCov1 executed successfully.]
[2025-05-18 04:44:05,492: INFO: prep: Procedure proc_prep_joined for XTWTNkwmuNQ executed successfully.]
[2025-05-18 04:44:05,511: INFO: prep: Procedure proc_prep_joined for qtxWJltd5lt executed successfully.]
[2025-05-18 04:44:05,948: INFO: prep: Procedure proc_prep_joined for Pm2KhqiRnrM executed successfully.]
[2025-05-18 04:44:06,033: INFO: prep: Procedure proc_prep_joined for JgABdnCf8Qn executed successfully.]
[2025-05-18 04:44:06,234: INFO: prep: Procedure proc_prep_joined for GXzScsP7uSt executed successfully.]
[2025-05-18 04:44:07,792: INFO: prep: Procedure proc_prep_joined for IdwG8w9urm9 executed successfully.]
[2025-05-18 04:44:15,809: INFO: prep: Procedure proc_prep_joined for s3DOqj9T8aD executed successfully.]
[2025-05-18 04:44:15,810: INFO: prep: Batch of 50 procedures executed successfully for datim_ids: ['uEVMPceCov1', 'LMQcW0HyCBK', 'SvuAvAPSwgQ', 'VJqZlhpcpX8', 'BVEHIFI2Fea', 'eIEQfJzXHKC', 'O7NJlDikfE3', 'seGv5p45yEI', 'KVtbjy9j27f', 'EEDw1M2T55Y', 'kOsbI5PXTJp', 'kag7R4lCgaf', 'cSTWVVSUHkh', 'qtxWJltd5lt', 'aznDINlQE34', 'AfNYqbO40Ek', 'mKEIEuNoACH', 'kfc3JYEMsJl', 'D0aCFnLFrJ1', 'La4N3pD6ObS', 'xxKS86N6Lfm', 'AO9H0p4eV9F', 'uNmMXYmtxxt', 'PaUbHqs6Cmi', 'sUZAAfJqUlq', 'iZhoeOKZldm', 'B1Bapm1p7o3', 'axdbSUSdU1I', 'FfoxmHVeNxv', 'NHl3PTFAptU', 'CvrZviZXXes', 'V4JM5LpUxPZ', 'BUJIxAfjuVT', 'GnMobaPqjhE', 'Pm2KhqiRnrM', 'JgABdnCf8Qn', 'IheVn83ZMpW', 'FUujN2317DQ', 'fsL0vFUtlmw', 'j8BrbYjIU9w', 'Xx0GEF0s5AY', 'ElfpnKDYLsM', 'SP2SZmnD5Z2', 'XTWTNkwmuNQ', 'IdwG8w9urm9', 'g3sFSQA4zPy', 'GXzScsP7uSt', 'tKkLrqCI2P1', 'vZZ0OU8Skl0', 's3DOqj9T8aD']]
[2025-05-18 04:44:16,202: INFO: prep: Procedure proc_prep_joined for la2EIA7OXJ4 executed successfully.]
[2025-05-18 04:44:16,242: INFO: prep: Procedure proc_prep_joined for bJl8BHYrNFG executed successfully.]
[2025-05-18 04:44:16,286: INFO: prep: Procedure proc_prep_joined for mLQcXu4kwJW executed successfully.]
[2025-05-18 04:44:16,482: INFO: prep: Procedure proc_prep_joined for my3FxDlRhzI executed successfully.]
[2025-05-18 04:44:17,615: INFO: prep: Procedure proc_prep_joined for JOqyhnhH3M4 executed successfully.]
[2025-05-18 04:44:17,918: INFO: prep: Procedure proc_prep_joined for haVyJANCBNp executed successfully.]
[2025-05-18 04:44:17,987: INFO: prep: Procedure proc_prep_joined for Y5ReWuj8W1M executed successfully.]
[2025-05-18 04:44:18,111: INFO: prep: Procedure proc_prep_joined for WXKBjZojExZ executed successfully.]
[2025-05-18 04:44:36,403: INFO: prep: Procedure proc_prep_joined for afAd7DGCtCs executed successfully.]
[2025-05-18 04:44:38,410: INFO: prep: Procedure proc_prep_joined for YE1lCEtYmen executed successfully.]
[2025-05-18 04:44:38,494: INFO: prep: Procedure proc_prep_joined for A1xxdELs2fm executed successfully.]
[2025-05-18 04:44:39,111: INFO: prep: Procedure proc_prep_joined for qsH4l8otzsd executed successfully.]
[2025-05-18 04:44:40,225: INFO: prep: Procedure proc_prep_joined for Zuz01IzErgM executed successfully.]
[2025-05-18 04:44:40,307: INFO: prep: Procedure proc_prep_joined for Y3V3tF7afSJ executed successfully.]
[2025-05-18 04:44:40,610: INFO: prep: Procedure proc_prep_joined for E3oAjMwPTJx executed successfully.]
[2025-05-18 04:44:40,713: INFO: prep: Procedure proc_prep_joined for jJwndfpsyuh executed successfully.]
[2025-05-18 04:44:41,324: INFO: prep: Procedure proc_prep_joined for C0810vNbF7i executed successfully.]
[2025-05-18 04:44:41,448: INFO: prep: Procedure proc_prep_joined for ddZRImcrhaO executed successfully.]
[2025-05-18 04:44:41,532: INFO: prep: Procedure proc_prep_joined for diPCa9GUMaJ executed successfully.]
[2025-05-18 04:44:41,713: INFO: prep: Procedure proc_prep_joined for ZKrlQUuBOkC executed successfully.]
[2025-05-18 04:44:41,924: INFO: prep: Procedure proc_prep_joined for rbNoobbUgpn executed successfully.]
[2025-05-18 04:44:41,939: INFO: prep: Procedure proc_prep_joined for zvv5uWH8hNf executed successfully.]
[2025-05-18 04:44:42,000: INFO: prep: Procedure proc_prep_joined for uaMxMXAlb8k executed successfully.]
[2025-05-18 04:44:42,015: INFO: prep: Procedure proc_prep_joined for DIL3yva3xDK executed successfully.]
[2025-05-18 04:44:42,101: INFO: prep: Procedure proc_prep_joined for zGSgjy46Jk7 executed successfully.]
[2025-05-18 04:44:42,170: INFO: prep: Procedure proc_prep_joined for VoO91UuuLWD executed successfully.]
[2025-05-18 04:44:42,425: INFO: prep: Procedure proc_prep_joined for XEVEfbVmz3i executed successfully.]
[2025-05-18 04:44:42,686: INFO: prep: Procedure proc_prep_joined for PoaLWGah1Ft executed successfully.]
[2025-05-18 04:44:42,865: INFO: prep: Procedure proc_prep_joined for l1uvWVMaokB executed successfully.]
[2025-05-18 04:44:43,051: INFO: prep: Procedure proc_prep_joined for be2XWFgdUFW executed successfully.]
[2025-05-18 04:44:43,472: INFO: prep: Procedure proc_prep_joined for FMV3Cu3WZmN executed successfully.]
[2025-05-18 04:44:43,798: INFO: prep: Procedure proc_prep_joined for O7WFDibihvb executed successfully.]
[2025-05-18 04:44:44,053: INFO: prep: Procedure proc_prep_joined for Pz2IHYq2xsD executed successfully.]
[2025-05-18 04:44:44,098: INFO: prep: Procedure proc_prep_joined for UzCw35LZV95 executed successfully.]
[2025-05-18 04:44:44,228: INFO: prep: Procedure proc_prep_joined for J3Rct6AHcSm executed successfully.]
[2025-05-18 04:44:45,552: INFO: prep: Procedure proc_prep_joined for cgvllBRlUt6 executed successfully.]
[2025-05-18 04:44:46,048: INFO: prep: Procedure proc_prep_joined for nnM3eUrZ8Sc executed successfully.]
[2025-05-18 04:44:56,366: INFO: prep: Procedure proc_prep_joined for konOEZuZo9H executed successfully.]
[2025-05-18 04:44:57,031: INFO: prep: Procedure proc_prep_joined for Qohvpui82h3 executed successfully.]
[2025-05-18 04:44:57,133: INFO: prep: Procedure proc_prep_joined for QFjvuIA6Idj executed successfully.]
[2025-05-18 04:44:57,361: INFO: prep: Procedure proc_prep_joined for MhiC9GiE5lB executed successfully.]
[2025-05-18 04:44:57,384: INFO: prep: Procedure proc_prep_joined for FTWttr8UUde executed successfully.]
[2025-05-18 04:44:58,405: INFO: prep: Procedure proc_prep_joined for q8tjHpPgHAu executed successfully.]
[2025-05-18 04:44:58,982: INFO: prep: Procedure proc_prep_joined for HOosZvIOTVg executed successfully.]
[2025-05-18 04:44:59,106: INFO: prep: Procedure proc_prep_joined for qlDibKC0IEv executed successfully.]
[2025-05-18 04:44:59,468: INFO: prep: Procedure proc_prep_joined for amXJpQydaBz executed successfully.]
[2025-05-18 04:44:59,610: INFO: prep: Procedure proc_prep_joined for B3qkvSTCE5I executed successfully.]
[2025-05-18 04:44:59,742: INFO: prep: Procedure proc_prep_joined for MSSAPMbzfao executed successfully.]
[2025-05-18 04:44:59,781: INFO: prep: Procedure proc_prep_joined for kp2Wlc8KjBr executed successfully.]
[2025-05-18 04:44:59,833: INFO: prep: Procedure proc_prep_joined for i4f2YNirAqU executed successfully.]
[2025-05-18 04:44:59,834: INFO: prep: Batch of 50 procedures executed successfully for datim_ids: ['Y5ReWuj8W1M', 'bJl8BHYrNFG', 'O7WFDibihvb', 'rbNoobbUgpn', 'YE1lCEtYmen', 'diPCa9GUMaJ', 'qsH4l8otzsd', 'la2EIA7OXJ4', 'E3oAjMwPTJx', 'FMV3Cu3WZmN', 'my3FxDlRhzI', 'JOqyhnhH3M4', 'cgvllBRlUt6', 'zvv5uWH8hNf', 'ddZRImcrhaO', 'Zuz01IzErgM', 'be2XWFgdUFW', 'UzCw35LZV95', 'jJwndfpsyuh', 'afAd7DGCtCs', 'C0810vNbF7i', 'mLQcXu4kwJW', 'A1xxdELs2fm', 'ZKrlQUuBOkC', 'l1uvWVMaokB', 'haVyJANCBNp', 'XEVEfbVmz3i', 'J3Rct6AHcSm', 'WXKBjZojExZ', 'VoO91UuuLWD', 'Y3V3tF7afSJ', 'nnM3eUrZ8Sc', 'QFjvuIA6Idj', 'konOEZuZo9H', 'FTWttr8UUde', 'Qohvpui82h3', 'kp2Wlc8KjBr', 'MhiC9GiE5lB', 'MSSAPMbzfao', 'HOosZvIOTVg', 'uaMxMXAlb8k', 'qlDibKC0IEv', 'DIL3yva3xDK', 'zGSgjy46Jk7', 'amXJpQydaBz', 'B3qkvSTCE5I', 'q8tjHpPgHAu', 'PoaLWGah1Ft', 'Pz2IHYq2xsD', 'i4f2YNirAqU']]
[2025-05-18 04:45:00,223: INFO: prep: Procedure proc_prep_joined for lzLciumbY6G executed successfully.]
[2025-05-18 04:45:00,446: INFO: prep: Procedure proc_prep_joined for godWz2Ow5k3 executed successfully.]
[2025-05-18 04:45:00,592: INFO: prep: Procedure proc_prep_joined for wzSzRiZrZTF executed successfully.]
[2025-05-18 04:45:00,869: INFO: prep: Procedure proc_prep_joined for oi20uK7Rp5J executed successfully.]
[2025-05-18 04:45:01,053: INFO: prep: Procedure proc_prep_joined for YYKhk7qR2W3 executed successfully.]
[2025-05-18 04:45:01,054: INFO: prep: Procedure proc_prep_joined for llIuPTntSEw executed successfully.]
[2025-05-18 04:45:01,638: INFO: prep: Procedure proc_prep_joined for wh1fufa69db executed successfully.]
[2025-05-18 04:45:01,775: INFO: prep: Procedure proc_prep_joined for NhvF5diSS13 executed successfully.]
[2025-05-18 04:45:01,926: INFO: prep: Procedure proc_prep_joined for Nid1f3KACfp executed successfully.]
[2025-05-18 04:45:02,945: INFO: prep: Procedure proc_prep_joined for Gm09bC53qeR executed successfully.]
[2025-05-18 04:45:03,045: INFO: prep: Procedure proc_prep_joined for PeH3XKs9FBu executed successfully.]
[2025-05-18 04:45:19,233: INFO: prep: Procedure proc_prep_joined for aGuDfDDP3kA executed successfully.]
[2025-05-18 04:45:19,260: INFO: prep: Procedure proc_prep_joined for ixltW74M2ch executed successfully.]
[2025-05-18 04:45:19,728: INFO: prep: Procedure proc_prep_joined for A4hw6FQpJfX executed successfully.]
[2025-05-18 04:45:20,013: INFO: prep: Procedure proc_prep_joined for gXNwPNpiX7D executed successfully.]
[2025-05-18 04:45:20,930: INFO: prep: Procedure proc_prep_joined for J7FjUrPb2sL executed successfully.]
[2025-05-18 04:45:21,290: INFO: prep: Procedure proc_prep_joined for vigmnQGxoz4 executed successfully.]
[2025-05-18 04:45:21,480: INFO: prep: Procedure proc_prep_joined for zyxDXEYBxqA executed successfully.]
[2025-05-18 04:45:21,747: INFO: prep: Procedure proc_prep_joined for DpZOtdkfW60 executed successfully.]
[2025-05-18 04:45:22,378: INFO: prep: Procedure proc_prep_joined for pHurIQKNsWD executed successfully.]
[2025-05-18 04:45:22,753: INFO: prep: Procedure proc_prep_joined for K7lUFNe9aXC executed successfully.]
[2025-05-18 04:45:22,796: INFO: prep: Procedure proc_prep_joined for kzjkCk8UnGR executed successfully.]
[2025-05-18 04:45:22,796: INFO: prep: Procedure proc_prep_joined for jYwlPVWe1Of executed successfully.]
[2025-05-18 04:45:22,833: INFO: prep: Procedure proc_prep_joined for XxYNIkLVpEa executed successfully.]
[2025-05-18 04:45:22,890: INFO: prep: Procedure proc_prep_joined for TzhekAB5jNB executed successfully.]
[2025-05-18 04:45:23,384: INFO: prep: Procedure proc_prep_joined for ae7th0rTtXI executed successfully.]
[2025-05-18 04:45:24,272: INFO: prep: Procedure proc_prep_joined for MtfuMezMAiA executed successfully.]
[2025-05-18 04:45:24,360: INFO: prep: Procedure proc_prep_joined for rp69pX7NNl2 executed successfully.]
[2025-05-18 04:45:24,529: INFO: prep: Procedure proc_prep_joined for EnyrCHOxsJ3 executed successfully.]
[2025-05-18 04:45:25,084: INFO: prep: Procedure proc_prep_joined for SEyGljwDspr executed successfully.]
[2025-05-18 04:45:25,085: INFO: prep: Batch of 30 procedures executed successfully for datim_ids: ['lzLciumbY6G', 'ae7th0rTtXI', 'Nid1f3KACfp', 'jYwlPVWe1Of', 'vigmnQGxoz4', 'ixltW74M2ch', 'TzhekAB5jNB', 'zyxDXEYBxqA', 'godWz2Ow5k3', 'J7FjUrPb2sL', 'MtfuMezMAiA', 'oi20uK7Rp5J', 'pHurIQKNsWD', 'SEyGljwDspr', 'rp69pX7NNl2', 'gXNwPNpiX7D', 'YYKhk7qR2W3', 'wh1fufa69db', 'EnyrCHOxsJ3', 'PeH3XKs9FBu', 'XxYNIkLVpEa', 'aGuDfDDP3kA', 'A4hw6FQpJfX', 'wzSzRiZrZTF', 'DpZOtdkfW60', 'K7lUFNe9aXC', 'llIuPTntSEw', 'Gm09bC53qeR', 'NhvF5diSS13', 'kzjkCk8UnGR']]
[2025-05-18 04:45:45,405: INFO: prep: Procedure proc_prep_joined for QBFHlPuENip executed successfully.]
[2025-05-18 04:45:45,479: INFO: prep: Procedure proc_prep_joined for WyCV2IF8nVP executed successfully.]
[2025-05-18 04:45:45,561: INFO: prep: Procedure proc_prep_joined for nWMaBEIKXDv executed successfully.]
[2025-05-18 04:45:46,291: INFO: prep: Procedure proc_prep_joined for GU7GAjOSjpt executed successfully.]
[2025-05-18 04:45:46,639: INFO: prep: Procedure proc_prep_joined for pqWOyGQHZqP executed successfully.]
[2025-05-18 04:45:47,031: INFO: prep: Procedure proc_prep_joined for xtcq7SetHe8 executed successfully.]
[2025-05-18 04:45:47,162: INFO: prep: Procedure proc_prep_joined for dpwdySv7O4A executed successfully.]
[2025-05-18 04:45:47,176: INFO: prep: Procedure proc_prep_joined for hJnEYRxvSz2 executed successfully.]
[2025-05-18 04:45:47,772: INFO: prep: Procedure proc_prep_joined for n2XQ6lwoh1F executed successfully.]
[2025-05-18 04:45:48,248: INFO: prep: Procedure proc_prep_joined for cADlYnc1OXj executed successfully.]
[2025-05-18 04:45:49,238: INFO: prep: Procedure proc_prep_joined for wZTPrbae9ie executed successfully.]
[2025-05-18 04:45:49,348: INFO: prep: Procedure proc_prep_joined for AKu9vYBZN3w executed successfully.]
[2025-05-18 04:45:49,848: INFO: prep: Procedure proc_prep_joined for TeUPDYF4sGG executed successfully.]
[2025-05-18 04:45:50,185: INFO: prep: Procedure proc_prep_joined for yoQfnOykofU executed successfully.]
[2025-05-18 04:45:50,298: INFO: prep: Procedure proc_prep_joined for t03z3S4HMeX executed successfully.]
[2025-05-18 04:45:50,399: INFO: prep: Procedure proc_prep_joined for blh4REHlv0u executed successfully.]
[2025-05-18 04:45:50,749: INFO: prep: Procedure proc_prep_joined for kUCSZ6wNvJZ executed successfully.]
[2025-05-18 04:45:50,750: INFO: prep: Batch of 17 procedures executed successfully for datim_ids: ['yoQfnOykofU', 'blh4REHlv0u', 'kUCSZ6wNvJZ', 'xtcq7SetHe8', 'hJnEYRxvSz2', 'cADlYnc1OXj', 'nWMaBEIKXDv', 'wZTPrbae9ie', 't03z3S4HMeX', 'WyCV2IF8nVP', 'GU7GAjOSjpt', 'QBFHlPuENip', 'n2XQ6lwoh1F', 'AKu9vYBZN3w', 'pqWOyGQHZqP', 'TeUPDYF4sGG', 'dpwdySv7O4A']]
[2025-05-18 04:46:09,050: INFO: prep: Procedure proc_prep_joined for rAiIIiFFqMN executed successfully.]
[2025-05-18 04:46:12,493: INFO: prep: Procedure proc_prep_joined for iPViA45Cl3G executed successfully.]
[2025-05-18 04:46:12,698: INFO: prep: Procedure proc_prep_joined for ANblU3SrJb0 executed successfully.]
[2025-05-18 04:46:12,809: INFO: prep: Procedure proc_prep_joined for TCJpqmlk9sK executed successfully.]
[2025-05-18 04:46:12,810: INFO: prep: Procedure proc_prep_joined for cmkm8UQpvWk executed successfully.]
[2025-05-18 04:46:12,903: INFO: prep: Procedure proc_prep_joined for f0J277xHATh executed successfully.]
[2025-05-18 04:46:13,011: INFO: prep: Procedure proc_prep_joined for R3rzxyzlNgM executed successfully.]
[2025-05-18 04:46:13,064: INFO: prep: Procedure proc_prep_joined for E1PW0PYkvDx executed successfully.]
[2025-05-18 04:46:13,395: INFO: prep: Procedure proc_prep_joined for fVcjpsyeO4q executed successfully.]
[2025-05-18 04:46:13,486: INFO: prep: Procedure proc_prep_joined for th3IMCg3lQ1 executed successfully.]
[2025-05-18 04:46:13,719: INFO: prep: Procedure proc_prep_joined for cYdxH1tF7Di executed successfully.]
[2025-05-18 04:46:14,348: INFO: prep: Procedure proc_prep_joined for xCya42gPOnU executed successfully.]
[2025-05-18 04:46:14,348: INFO: prep: Batch of 12 procedures executed successfully for datim_ids: ['rAiIIiFFqMN', 'ANblU3SrJb0', 'TCJpqmlk9sK', 'f0J277xHATh', 'fVcjpsyeO4q', 'xCya42gPOnU', 'cmkm8UQpvWk', 'iPViA45Cl3G', 'th3IMCg3lQ1', 'R3rzxyzlNgM', 'cYdxH1tF7Di', 'E1PW0PYkvDx']]
[2025-05-18 04:46:23,668: INFO: prep: Procedure 2025W20 proc_final_prep for ACE-1 executed successfully.]
[2025-05-18 04:46:26,477: INFO: prep: Procedure 2025W20 proc_final_prep for ACE-2 executed successfully.]
[2025-05-18 04:46:29,920: INFO: prep: Procedure 2025W20 proc_final_prep for ACE-3 executed successfully.]
[2025-05-18 04:46:33,647: INFO: prep: Procedure 2025W20 proc_final_prep for ACE-4 executed successfully.]
[2025-05-18 04:46:41,226: INFO: prep: Procedure 2025W20 proc_final_prep for ACE-5 executed successfully.]
[2025-05-18 04:46:52,637: INFO: prep: Procedure 2025W20 proc_final_prep for CARE 1 executed successfully.]
[2025-05-18 04:47:04,022: INFO: prep: Procedure 2025W20 proc_final_prep for CARE 2 executed successfully.]
